2023-02-22 09:47:36,661 INFO notifyConnectTimeout:200

2023-02-22 09:47:36,661 INFO notifySocketTimeout:8000

2023-02-22 09:47:36,661 INFO isHealthCheck:true

2023-02-22 09:47:36,661 INFO maxHealthCheckFailCount:12

2023-02-22 09:47:36,661 INFO maxContent:10485760

2023-02-22 09:47:41,120 INFO use local db service for init

2023-02-22 09:47:41,839 WARN Lexical error at line 4, column 66.  Encountered: <EOF> after : "".

2023-02-22 09:47:41,855 WARN Syntax error: Encountered "*" at line 1, column 1.

2023-02-22 09:47:41,917 WARN Table/View 'CONFIG_INFO' already exists in Schema 'NACOS'.

2023-02-22 09:47:41,980 WARN Table/View 'HIS_CONFIG_INFO' already exists in Schema 'NACOS'.

2023-02-22 09:47:42,011 WARN Table/View 'CONFIG_INFO_BETA' already exists in Schema 'NACOS'.

2023-02-22 09:47:42,027 WARN Table/View 'CONFIG_INFO_TAG' already exists in Schema 'NACOS'.

2023-02-22 09:47:42,042 WARN Table/View 'CONFIG_INFO_AGGR' already exists in Schema 'NACOS'.

2023-02-22 09:47:42,042 WARN Table/View 'APP_LIST' already exists in Schema 'NACOS'.

2023-02-22 09:47:42,058 WARN Table/View 'APP_CONFIGDATA_RELATION_SUBS' already exists in Schema 'NACOS'.

2023-02-22 09:47:42,074 WARN Table/View 'APP_CONFIGDATA_RELATION_PUBS' already exists in Schema 'NACOS'.

2023-02-22 09:47:42,074 WARN Table/View 'CONFIG_TAGS_RELATION' already exists in Schema 'NACOS'.

2023-02-22 09:47:42,089 WARN Table/View 'GROUP_CAPACITY' already exists in Schema 'NACOS'.

2023-02-22 09:47:42,105 WARN Table/View 'TENANT_CAPACITY' already exists in Schema 'NACOS'.

2023-02-22 09:47:42,105 WARN Table/View 'TENANT_INFO' already exists in Schema 'NACOS'.

2023-02-22 09:47:42,120 WARN Table/View 'USERS' already exists in Schema 'NACOS'.

2023-02-22 09:47:42,136 WARN Table/View 'ROLES' already exists in Schema 'NACOS'.

2023-02-22 09:47:42,136 WARN Table/View 'PERMISSIONS' already exists in Schema 'NACOS'.

2023-02-22 09:47:42,183 WARN The statement was aborted because it would have caused a duplicate key value in a unique or primary key constraint or unique index identified by 'SQL221124110113720' defined on 'USERS'.

2023-02-22 09:47:42,199 WARN The statement was aborted because it would have caused a duplicate key value in a unique or primary key constraint or unique index identified by 'UK_USERNAME_ROLE' defined on 'ROLES'.

2023-02-22 09:47:42,199 WARN Lexical error at line 4, column 13.  Encountered: "`" (96), after : "".

2023-02-22 09:47:42,199 WARN Lexical error at line 1, column 13.  Encountered: "`" (96), after : "".

2023-02-22 09:47:42,199 WARN Lexical error at line 1, column 13.  Encountered: "`" (96), after : "".

2023-02-22 09:47:42,199 WARN Lexical error at line 1, column 13.  Encountered: "`" (96), after : "".

2023-02-22 09:47:42,199 INFO use StandaloneDatabaseOperateImpl

2023-02-22 09:47:43,605 WARN DumpService start

2023-02-22 09:47:43,605 INFO start clear all config-info.

2023-02-22 09:47:43,605 WARN clear all config-info failed.

2023-02-22 09:47:43,605 WARN clear all config-info-tenant failed.

2023-02-22 09:47:43,652 INFO start clear all config-info-beta.

2023-02-22 09:47:43,652 WARN clear all config-info-beta failed.

2023-02-22 09:47:43,652 WARN clear all config-info-beta-tenant failed.

2023-02-22 09:47:43,684 INFO start clear all config-info-tag.

2023-02-22 09:47:43,684 WARN clear all config-info-tag failed.

2023-02-22 09:47:43,684 WARN clear all config-info-tag-tenant failed.

