2023-02-22 09:47:42,761 INFO raft peers changed: [Member{ip='192.168.137.219', port=8848, state=UP, extendInfo={raftPort=7848}}]

2023-02-22 09:47:42,793 INFO initializing Raft sub-system

2023-02-22 09:47:42,793 INFO finish loading all datums, size: 0 cost 0 ms.

2023-02-22 09:47:42,793 INFO cache loaded, datum count: 0, current term: 0

2023-02-22 09:47:42,793 INFO finish to load data from disk, cost: 0 ms.

2023-02-22 09:47:42,793 INFO timer started: leader timeout ms: 15000, heart-beat timeout ms: 5000

2023-02-22 09:47:43,465 INFO add listener: com.alibaba.nacos.naming.domains.meta.00-00---000-NACOS_SWITCH_DOMAIN-000---00-00

2023-02-22 09:47:43,480 INFO add listener: com.alibaba.nacos.naming.domains.meta.

2023-02-22 09:47:47,747 WARN start to close old raft protocol!!!

2023-02-22 09:47:47,747 WARN stop old raft protocol task for notifier

2023-02-22 09:47:47,747 WARN stop old raft protocol task for master task

2023-02-22 09:47:47,747 WARN stop old raft protocol task for heartbeat task

2023-02-22 09:47:47,747 WARN clean old cache datum for old raft

2023-02-22 09:47:47,747 WARN start to close old raft protocol!!!

2023-02-22 09:47:47,747 WARN stop old raft protocol task for notifier

2023-02-22 09:47:47,747 WARN stop old raft protocol task for master task

2023-02-22 09:47:47,747 WARN stop old raft protocol task for heartbeat task

2023-02-22 09:47:47,747 WARN clean old cache datum for old raft

2023-02-22 09:47:47,747 WARN start to move old raft protocol metadata

2023-02-22 09:47:47,747 WARN start to move old raft protocol metadata

2023-02-22 09:47:47,747 INFO raft peers changed: [Member{ip='192.168.137.219', port=8848, state=UP, extendInfo={lastRefreshTime=1677030467747, raftPort=7848, version=1.4.1}}]

